[0m11:00:57.513718 [debug] [MainThread]: Sending event: {'category': 'dbt', 'action': 'invocation', 'label': 'start', 'context': [<snowplow_tracker.self_describing_json.SelfDescribingJson object at 0x0000015072CDC510>, <snowplow_tracker.self_describing_json.SelfDescribingJson object at 0x0000015071A4AA50>, <snowplow_tracker.self_describing_json.SelfDescribingJson object at 0x0000015072CCEFD0>]}


============================== 11:00:57.568152 | 31a9b22f-0917-4a92-b30b-f807e4df1aa3 ==============================
[0m11:00:57.568152 [info ] [MainThread]: Running with dbt=1.11.7
[0m11:00:57.572208 [debug] [MainThread]: running dbt with arguments {'version_check': 'True', 'no_print': 'None', 'static_parser': 'True', 'target_path': 'None', 'warn_error_options': 'WarnErrorOptionsV2(error=[], warn=[], silence=[])', 'printer_width': '80', 'write_json': 'True', 'introspect': 'True', 'log_cache_events': 'False', 'empty': 'None', 'cache_selected_only': 'False', 'fail_fast': 'False', 'debug': 'False', 'log_format': 'default', 'profiles_dir': 'C:\\Users\\Admin\\.dbt', 'send_anonymous_usage_stats': 'True', 'quiet': 'False', 'warn_error': 'None', 'partial_parse': 'True', 'indirect_selection': 'eager', 'invocation_command': 'dbt init', 'use_colors': 'True', 'use_experimental_parser': 'False', 'log_path': 'logs'}
[0m11:00:57.672863 [info ] [MainThread]: Creating dbt configuration folder at C:\Users\Admin\.dbt
[0m11:01:17.739727 [debug] [MainThread]: Starter project path: D:\STUDY\PRACTICE\dbt-databricks-practice\.venv\Lib\site-packages\dbt\include\starter_project
[0m11:01:17.756240 [info ] [MainThread]: 
Your new dbt project "dbt_databricks_sales" was created!

For more information on how to configure the profiles.yml file,
please consult the dbt documentation here:

  https://docs.getdbt.com/docs/configure-your-profile

One more thing:

Need help? Don't hesitate to reach out to us via GitHub issues or on Slack:

  https://community.getdbt.com/

Happy modeling!

[0m11:01:17.756240 [info ] [MainThread]: Setting up your profile.
[0m11:01:40.265316 [debug] [MainThread]: Spark adapter: Setting pyhive.hive logging to ERROR
[0m11:01:40.267734 [debug] [MainThread]: Spark adapter: Setting thrift.transport logging to ERROR
[0m11:01:40.269743 [debug] [MainThread]: Spark adapter: Setting thrift.protocol logging to ERROR
[0m12:27:51.354218 [info ] [MainThread]: Profile dbt_databricks_sales written to C:\Users\Admin\.dbt\profiles.yml using target's profile_template.yml and your supplied values. Run 'dbt debug' to validate the connection.
[0m12:27:51.354218 [debug] [MainThread]: Command `dbt init` succeeded at 12:27:51.354218 after 5221.78 seconds
[0m12:27:51.354218 [debug] [MainThread]: Sending event: {'category': 'dbt', 'action': 'invocation', 'label': 'end', 'context': [<snowplow_tracker.self_describing_json.SelfDescribingJson object at 0x0000015072CDC6D0>, <snowplow_tracker.self_describing_json.SelfDescribingJson object at 0x0000015072C80690>, <snowplow_tracker.self_describing_json.SelfDescribingJson object at 0x000001506AE9CF10>]}
[0m12:27:51.358229 [debug] [MainThread]: Flushing usage events
[0m12:27:54.036238 [debug] [MainThread]: An error was encountered while trying to flush usage events
[0m12:45:13.484931 [debug] [MainThread]: Sending event: {'category': 'dbt', 'action': 'invocation', 'label': 'start', 'context': [<snowplow_tracker.self_describing_json.SelfDescribingJson object at 0x000001CF0A7D61D0>, <snowplow_tracker.self_describing_json.SelfDescribingJson object at 0x000001CF0D816110>, <snowplow_tracker.self_describing_json.SelfDescribingJson object at 0x000001CF0A7D54D0>]}


============================== 12:45:13.487200 | f1572bb1-213c-40df-b31f-f9ed2d949b49 ==============================
[0m12:45:13.487200 [info ] [MainThread]: Running with dbt=1.11.7
[0m12:45:13.488202 [debug] [MainThread]: running dbt with arguments {'version_check': 'True', 'no_print': 'None', 'static_parser': 'True', 'warn_error_options': 'WarnErrorOptionsV2(error=[], warn=[], silence=[])', 'target_path': 'None', 'printer_width': '80', 'write_json': 'True', 'introspect': 'True', 'log_cache_events': 'False', 'empty': 'None', 'cache_selected_only': 'False', 'fail_fast': 'False', 'debug': 'False', 'log_format': 'default', 'partial_parse': 'True', 'send_anonymous_usage_stats': 'True', 'quiet': 'False', 'warn_error': 'None', 'profiles_dir': 'C:\\Users\\Admin\\.dbt', 'indirect_selection': 'eager', 'invocation_command': 'dbt init', 'use_colors': 'True', 'use_experimental_parser': 'False', 'log_path': 'logs'}
[0m12:45:23.041578 [info ] [MainThread]: A project called dbt_databricks_sales already exists here.
[0m12:45:23.042577 [debug] [MainThread]: Command `dbt init` succeeded at 12:45:23.042577 after 9.62 seconds
[0m12:45:23.043573 [debug] [MainThread]: Sending event: {'category': 'dbt', 'action': 'invocation', 'label': 'end', 'context': [<snowplow_tracker.self_describing_json.SelfDescribingJson object at 0x000001CF0E09B810>, <snowplow_tracker.self_describing_json.SelfDescribingJson object at 0x000001CF072ECD10>, <snowplow_tracker.self_describing_json.SelfDescribingJson object at 0x000001CF072ED110>]}
[0m12:45:23.044019 [debug] [MainThread]: Flushing usage events
[0m12:45:24.589682 [debug] [MainThread]: An error was encountered while trying to flush usage events
